"../../../Engine/Content/Functions/Engine_MaterialFunctions01/Shading/PowerToRoughness.uasset" 0
"../../../Engine/Content/Functions/Engine_MaterialFunctions01/Shading/ConvertFromDiffSpec.uasset" 1
"../../../Engine/Content/EngineMaterials/DefaultDiffuse.uasset" 2
"../../../Engine/Content/EngineMaterials/DefaultDeferredDecalMaterial.uasset" 3
"../../../Engine/Content/EngineMaterials/DefaultLightFunctionMaterial.uasset" 4
"../../../Engine/Content/Functions/Engine_MaterialFunctions02/Utility/BreakOutFloat2Components.uasset" 5
"../../../Engine/Content/EngineMaterials/DefaultPostProcessMaterial.uasset" 6
"../../../Engine/Content/EditorMaterials/Camera/CineMat.uasset" 7
"../../../Engine/Content/EditorMaterials/Camera/MI_CineMat_Rig.uasset" 8
"../../../Engine/Content/EditorMeshes/Camera/SM_CraneRig_Base.uasset" 9
"../../../Engine/Content/EditorMeshes/Camera/SM_CraneRig_Arm.uasset" 10
"../../../Engine/Content/EditorMeshes/Camera/SM_CraneRig_Mount.uasset" 11
"../../../Engine/Content/EditorMeshes/Camera/SM_CraneRig_Body.uasset" 12
"../../../Engine/Content/EditorMeshes/Camera/SM_RailRig_Track.uasset" 13
"../../../Engine/Content/EditorMeshes/Camera/SM_RailRig_Mount.uasset" 14
"../../../Engine/Content/EngineResources/AICON-Red.uasset" 15
"../../../Engine/Content/EngineResources/AICON-Green.uasset" 16
"../../../Engine/Content/EngineFonts/Roboto.uasset" 17
"../../../Engine/Content/EngineResources/DefaultTexture.uasset" 18
"../../../Engine/Content/Functions/Engine_MaterialFunctions01/Texturing/ScaleUVsByCenter.uasset" 19
"../../../Engine/Content/Functions/Engine_MaterialFunctions02/ScreenResolution.uasset" 20
"../../../Engine/Content/Functions/Engine_MaterialFunctions02/Texturing/ScreenAlignedUVs.uasset" 21
"../../../Engine/Content/EngineResources/WhiteSquareTexture.uasset" 22
"../../../Engine/Content/EngineMaterials/Widget3DPassThrough.uasset" 23
"../../../Engine/Content/EngineMaterials/Widget3DPassThrough_Translucent.uasset" 24
"../../../Engine/Content/EngineMaterials/Widget3DPassThrough_Translucent_OneSided.uasset" 25
"../../../Engine/Content/EngineMaterials/Widget3DPassThrough_Opaque.uasset" 26
"../../../Engine/Content/EngineMaterials/Widget3DPassThrough_Opaque_OneSided.uasset" 27
"../../../Engine/Content/EngineMaterials/Widget3DPassThrough_Masked.uasset" 28
"../../../Engine/Content/EngineMaterials/Widget3DPassThrough_Masked_OneSided.uasset" 29
"../../../Engine/Content/EditorResources/S_Actor.uasset" 30
"../../../Engine/Content/EditorMaterials/AssetViewer/EpicQuadPanorama_CC+EV1.uasset" 31
"../../../Engine/Content/EditorResources/RGBTable16x1_AssetViewer.uasset" 32
"../../../Engine/Content/Maps/Templates/Thumbnails/Default.uasset" 33
"../../../Engine/Content/Maps/Templates/Thumbnails/VR-Basic.uasset" 34
"../../../Engine/Content/EditorMaterials/ParticleSystems/PSysThumbnail_NoImage.uasset" 35
"../../../Engine/Content/EditorMaterials/ParticleSystems/PSysThumbnail_OOD.uasset" 36
"../../../Engine/Content/EditorLandscapeResources/DataLayer.uasset" 37
"../../../Engine/Content/EngineMeshes/Sphere.uasset" 38
"../../../Engine/Content/EngineFonts/RobotoDistanceField.uasset" 39
"../../../Engine/Content/EngineMaterials/DefaultTextMaterialOpaque.uasset" 40
"../../../Engine/Content/EditorResources/S_Trigger.uasset" 41
"../../../Engine/Content/EngineResources/GradientTexture0.uasset" 42
"../../../Engine/Content/EngineResources/Black.uasset" 43
"../../../Engine/Content/EditorMaterials/MatineeGroups/MAT_Groups_Float.uasset" 44
"../../../Engine/Content/EditorMaterials/MatineeGroups/MAT_Groups_Director.uasset" 45
"../../../Engine/Content/EditorMaterials/MatineeGroups/MAT_Groups_Event.uasset" 46
"../../../Engine/Content/EditorMaterials/MatineeGroups/MAT_Groups_Anim.uasset" 47
"../../../Engine/Content/EditorMaterials/MatineeGroups/MAT_Groups_Fade.uasset" 48
"../../../Engine/Content/EditorMaterials/MatineeGroups/MAT_Groups_Move.uasset" 49
"../../../Engine/Content/EditorMaterials/MatineeGroups/MAT_Groups_Slomo.uasset" 50
"../../../Engine/Content/EditorMaterials/MatineeGroups/MAT_ColorTrack.uasset" 51
"../../../Engine/Content/EditorMaterials/MAT_Groups_Toggle.uasset" 52
"../../../Engine/Content/EditorMaterials/MatineeGroups/MAT_Groups_AudioMaster.uasset" 53
"../../../Engine/Content/EditorMaterials/MatineeGroups/MAT_Groups_Sound.uasset" 54
"../../../Engine/Content/EditorMaterials/MatineeGroups/MAT_Groups_Vector.uasset" 55
"../../../Engine/Content/EditorMaterials/MAT_Groups_Visibility.uasset" 56
"../../../Engine/Content/EngineResources/DefaultTextureCube.uasset" 57
"../../../Engine/Content/Functions/Engine_MaterialFunctions01/Opacity/CameraDepthFade.uasset" 58
"../../../Engine/Content/EngineMaterials/T_Default_Material_Grid_M.uasset" 59
"../../../Engine/Content/EngineMaterials/T_Default_Material_Grid_N.uasset" 60
"../../../Engine/Content/EngineMaterials/DefaultMaterial.uasset" 61
"../../../Engine/Content/EngineMeshes/Cylinder.uasset" 62
"../../../Engine/Content/EngineTireTypes/DefaultTireType.uasset" 63
"../../../Engine/Content/VREditor/LaserPointer/VR_LaserPower_01.uasset" 64
"../../../Engine/Content/VREditor/TransformGizmo/TransformGizmoMaterial.uasset" 65
"../../../Engine/Content/VREditor/TransformGizmo/TranslucentTransformGizmoMaterial.uasset" 66
"../../../Engine/Content/VREditor/TransformGizmo/UniformScaleHandle.uasset" 67
"../../../Engine/Content/VREditor/TransformGizmo/TranslateHandleLong.uasset" 68
"../../../Engine/Content/VREditor/TransformGizmo/PlaneTranslationHandle.uasset" 69
"../../../Engine/Content/VREditor/TransformGizmo/RotationHandleFull.uasset" 70
"../../../Engine/Content/VREditor/TransformGizmo/StretchingHandle.uasset" 71
"../../../Engine/Content/VREditor/TransformGizmo/BoundingBoxCorner.uasset" 72
"../../../Engine/Content/VREditor/TransformGizmo/BoundingBoxEdge.uasset" 73
"../../../Engine/Content/VREditor/UI/SelectionBarMesh.uasset" 74
"../../../Engine/Content/VREditor/UI/CloseButtonMesh.uasset" 75
"../../../Engine/Content/VREditor/FloatingText/LineMaterial.uasset" 76
"../../../Engine/Content/VREditor/FloatingText/LineSegmentCylinder.uasset" 77
"../../../Engine/Content/VREditor/FloatingText/JointSphere.uasset" 78
"../../../Engine/Content/VREditor/Fonts/VRText_RobotoLarge.uasset" 79
"../../../Engine/Content/VREditor/Fonts/VRTextMaterial.uasset" 80
"../../../Engine/Content/VREditor/Fonts/TranslucentVRTextMaterial.uasset" 81
"../../../Engine/Content/VREditor/TransformGizmo/TranslationHandle.uasset" 82
"../../../Engine/Content/VREditor/TransformGizmo/RotationHandle.uasset" 83
"../../../Engine/Content/VREditor/Devices/Generic/GenericHMDMaterial.uasset" 84
"../../../Engine/Content/VREditor/Devices/Generic/GenericHMD.uasset" 85
"../../../Engine/Content/Functions/Engine_MaterialFunctions01/Gradient/RadialGradient.uasset" 86
"../../../Engine/Content/EditorLandscapeResources/FlattenHeightMat.uasset" 87
"../../../Engine/Content/VREditor/WorldMovementGrid/PlaneMesh.uasset" 88
"../../../Engine/Content/VREditor/WorldMovementGrid/SimpleGrid.uasset" 89
"../../../Engine/Content/VREditor/WorldMovementGrid/GridMaterial.uasset" 90
"../../../Engine/Content/VREditor/LaserPointer/LaserPointerMaterial.uasset" 91
"../../../Engine/Content/VREditor/LaserPointer/LaserPointerMaterialInst.uasset" 92
"../../../Engine/Content/VREditor/LaserPointer/TranslucentLaserPointerMaterialInst.uasset" 93
"../../../Engine/Content/VREditor/LaserPointer/LaserPointerMesh.uasset" 94
"../../../Engine/Content/Functions/Engine_MaterialFunctions01/Density/ExponentialDensity.uasset" 95
"../../../Engine/Content/VREditor/WorldMovementGrid/GridPostProcess.uasset" 96
"../../../Engine/Content/VREditor/Sounds/VR_teleport_Cue.uasset" 97
"../../../Engine/Content/VREditor/Sounds/VR_grab_Cue.uasset" 98
"../../../Engine/Content/Tutorial/ContentIntroCurve.uasset" 99
"../../../Engine/Content/EngineMaterials/RemoveSurfaceMaterial.uasset" 100
"../../../Engine/Content/EngineDebugMaterials/DebugMeshMaterial.uasset" 101
"../../../Engine/Content/EngineMaterials/InvalidLightmapSettings.uasset" 102
"../../../Engine/Content/EngineMaterials/M_InvalidLightmapSettings.uasset" 103
"../../../Engine/Content/EditorMaterials/GizmoMaterial.uasset" 104
"../../../Engine/Content/EngineMaterials/PhAT_JointLimitMaterial.uasset" 105
"../../../Engine/Content/EngineMaterials/Good64x64TilingNoiseHighFreq.uasset" 106
"../../../Engine/Content/EngineMaterials/DefaultBokeh.uasset" 107
"../../../Engine/Content/EngineMaterials/PreintegratedSkinBRDF.uasset" 108
"../../../Engine/Content/EngineMaterials/MiniFont.uasset" 109
"../../../Engine/Content/EngineMaterials/WeightMapPlaceholderTexture.uasset" 110
"../../../Engine/Content/EngineMaterials/DefaultWhiteGrid.uasset" 111
"../../../Engine/Content/EngineMaterials/DefaultPhysicalMaterial.uasset" 112
"../../../Engine/Content/EngineFonts/RobotoTiny.uasset" 113
"../../../Engine/Content/EditorSounds/Notifications/CompileSuccess.uasset" 114
"../../../Engine/Content/EditorSounds/Notifications/CompileStart_Cue.uasset" 115
"../../../Engine/Content/EditorSounds/Notifications/CompileSuccess_Cue.uasset" 116
"../../../Engine/Content/EditorSounds/Notifications/CompileFailed.uasset" 117
"../../../Engine/Content/EditorSounds/Notifications/CompileFailed_Cue.uasset" 118
"../../../Engine/Content/EngineMaterials/WorldGridMaterial.uasset" 119
"../../../Engine/Content/BasicShapes/Cube.uasset" 120
"../../../Engine/Content/BasicShapes/Sphere.uasset" 121
"../../../Engine/Content/BasicShapes/Cylinder.uasset" 122
"../../../Engine/Content/BasicShapes/Cone.uasset" 123
"../../../StarShip/Content/Blueprint/Stage/1_Stage/Destroyed_Ship/Material_001.uasset" 124
"../../../StarShip/Content/Blueprint/Stage/1_Stage/Destroyed_Ship/Material_002.uasset" 125
"../../../StarShip/Content/Blueprint/Stage/1_Stage/Destroyed_Ship/Material_003.uasset" 126
"../../../StarShip/Content/Blueprint/Stage/1_Stage/Destroyed_Ship/Material_004.uasset" 127
"../../../StarShip/Content/Blueprint/Stage/1_Stage/Destroyed_Ship/Material_006.uasset" 128
"../../../StarShip/Content/Blueprint/Stage/1_Stage/Destroyed_Ship/starwars1px.uasset" 129
"../../../StarShip/Content/Game/Level/EarthPlanet/2_no_clouds_8k.uasset" 130
"../../../StarShip/Content/Game/Level/EarthPlanet/n_amer_clouds_8k.uasset" 131
"../../../StarShip/Content/Game/Level/EarthPlanet/normalmap__1_.uasset" 132
"../../../StarShip/Content/Game/Level/EarthPlanet/T_Perlin_Noise_M.uasset" 133
"../../../StarShip/Content/Game/Level/EarthPlanet/water_8k.uasset" 134
"../../../StarShip/Content/Game/Level/EarthPlanet/EarthMaterial.uasset" 135
"../../../StarShip/Content/Game/Level/EarthPlanet/Earth.uasset" 136
"../../../StarShip/Content/Game/Level/SkySphere/t_stars_right1.uasset" 137
"../../../StarShip/Content/Game/Level/SkySphere/Material__54.uasset" 138
"../../../StarShip/Content/Game/Level/SkySphere/t_stars_left2.uasset" 139
"../../../StarShip/Content/Game/Level/SkySphere/Material__55.uasset" 140
"../../../StarShip/Content/Game/Level/SkySphere/t_stars_top3.uasset" 141
"../../../StarShip/Content/Game/Level/SkySphere/Material__56.uasset" 142
"../../../StarShip/Content/Game/Level/SkySphere/t_stars_bottom4.uasset" 143
"../../../StarShip/Content/Game/Level/SkySphere/Material__57.uasset" 144
"../../../StarShip/Content/Game/Level/SkySphere/t_stars_front5.uasset" 145
"../../../StarShip/Content/Game/Level/SkySphere/Material__58.uasset" 146
"../../../StarShip/Content/Game/Level/SkySphere/t_stars_back6.uasset" 147
"../../../StarShip/Content/Game/Level/SkySphere/Material__59.uasset" 148
"../../../StarShip/Content/Game/Level/SkySphere/SM_Skysphere.uasset" 149
"../../../StarShip/Content/Game/Maps/MatineeActorLevelSequence.uasset" 150
"../../../StarShip/Content/Game/Ship/AmbassadorTF950/Material_001.uasset" 151
"../../../StarShip/Content/Game/Ship/AmbassadorTF950/Material_002.uasset" 152
"../../../StarShip/Content/Game/Ship/AmbassadorTF950/Material_003.uasset" 153
"../../../StarShip/Content/Game/Ship/AmbassadorTF950/Material_004.uasset" 154
"../../../StarShip/Content/Game/Ship/AmbassadorTF950/Material__1.uasset" 155
"../../../StarShip/Content/Game/Ship/AmbassadorTF950/Material__1_001.uasset" 156
"../../../StarShip/Content/Game/Ship/AmbassadorTF950/ambassadorTF950.uasset" 157
"../../../StarShip/Content/Game/PickUp_Items/Turbo/metallo051.uasset" 158
"../../../StarShip/Content/Game/PickUp_Items/Turbo/metallo051_Mat.uasset" 159
"../../../StarShip/Content/Game/PickUp_Items/Turbo/Gear.uasset" 160
"../../../StarShip/Content/Game/MenuAssets/HighresScreenshot00002.uasset" 161
"../../../StarShip/Content/Game/MenuAssets/Sounstrack.uasset" 162
"../../../StarShip/Content/Game/MenuAssets/button.uasset" 163
"../../../StarShip/Content/Game/MenuAssets/IMG_0418.uasset" 164
"../../../StarShip/Content/Game/Obstacles/Asteroid/asteroid_texture.uasset" 165
"../../../StarShip/Content/Game/Obstacles/Asteroid/asteroid_texture_Mat.uasset" 166
"../../../StarShip/Content/Game/Obstacles/Asteroid/asteroid.uasset" 167
"../../../StarShip/Content/Game/Obstacles/Asteroid/rockred.uasset" 168
"../../../StarShip/Content/Game/Obstacles/Asteroid/rockred_Mat.uasset" 169
"../../../StarShip/Content/Game/Obstacles/Particles/Textures/T_Rock_Basalt_D.uasset" 170
"../../../StarShip/Content/Game/Obstacles/Particles/Textures/T_Rock_Basalt_N.uasset" 171
"../../../StarShip/Content/Game/Obstacles/Particles/Materials/M_Rock_Basalt.uasset" 172
"../../../Engine/Content/EditorResources/BSPVertex.uasset" 173
"../../../Engine/Content/EngineDebugMaterials/GeomMaterial.uasset" 174
"../../../Engine/Content/EngineDebugMaterials/HeatmapGradient.uasset" 175
"../../../Engine/Content/EngineDebugMaterials/BoneWeightMaterial.uasset" 176
"../../../Engine/Content/EditorMaterials/PreviewShadowIndicator.uasset" 177
"../../../Engine/Content/EditorMaterials/PreviewShadowIndicatorMaterial.uasset" 178
"../../../Engine/Content/EngineMaterials/EditorBrushMaterial.uasset" 179
"../../../Engine/Content/EditorMeshes/ColorCalibrator/M_ChromeBall.uasset" 180
"../../../Engine/Content/EditorMeshes/ColorCalibrator/M_ClearCoat.uasset" 181
"../../../Engine/Content/EditorMeshes/ColorCalibrator/M_ClearCoatBlack.uasset" 182
"../../../Engine/Content/EditorMeshes/ColorCalibrator/T_ColorGrid.uasset" 183
"../../../Engine/Content/EditorMeshes/ColorCalibrator/M_ColorGrid.uasset" 184
"../../../Engine/Content/EditorMeshes/ColorCalibrator/M_GreyBall.uasset" 185
"../../../Engine/Content/EditorMeshes/ColorCalibrator/SM_ColorCalibrator.uasset" 186
"../../../Engine/Content/MobileResources/HUD/VirtualJoystick_Background.uasset" 187
"../../../Engine/Content/MobileResources/HUD/VirtualJoystick_Thumb.uasset" 188
"../../../Engine/Content/MobileResources/HUD/DefaultVirtualJoysticks.uasset" 189
"../../../Engine/Content/Tutorial/BlueprintTutorials/TutorialAssets/Blueprint_64x.uasset" 190
"../../../Engine/Content/Tutorial/SubEditors/TutorialAssets/icon_Editor_Preferences_General_40x.uasset" 191
"../../../Engine/Content/Tutorial/Paper2D/TutorialAssets/Paper2DSprite_TutorialIcon.uasset" 192
"../../../Engine/Content/Tutorial/SubEditors/TutorialAssets/icon_ShowSkeletalMeshes_40x.uasset" 193
"../../../Engine/Content/Tutorial/Landscape/TutorialAssets/Landscape.uasset" 194
"../../../Engine/Content/Tutorial/Foliage/TutorialAssets/Foliage.uasset" 195
"../../../Engine/Content/Tutorial/Basics/TutorialAssets/icon_tab_Levels_40x.uasset" 196
"../../../Engine/Content/Tutorial/BlueprintTutorials/TutorialAssets/BlueprintMacroLibrary_64x.uasset" 197
"../../../Engine/Content/Tutorial/BlueprintTutorials/TutorialAssets/BlueprintInterface_64x.uasset" 198
"../../../Engine/Content/Tutorial/Paper2D/TutorialAssets/Paper2DFlipbook_TutorialIcon.uasset" 199
"../../../Engine/Content/MobileResources/HUD/T_Castle_ThumbstickInner.uasset" 200
"../../../Engine/Content/EditorResources/EmptyActor.uasset" 201
"../../../Engine/Content/MobileResources/HUD/MobileHUDDirectionPad3.uasset" 202
"../../../Engine/Content/MobileResources/HUD/MobileHUDDirectionPad2.uasset" 203
"../../../Engine/Content/MobileResources/HUD/MobileHUDDirectionPad.uasset" 204
"../../../Engine/Content/EngineMeshes/Cube.uasset" 205
"../../../Engine/Content/EditorMeshes/EditorCube.uasset" 206
"../../../Engine/Content/Tutorial/SubEditors/TutorialAssets/Tutorial_DM.uasset" 207
"../../../Engine/Content/Tutorial/SubEditors/TutorialAssets/TutorialMaterial.uasset" 208
"../../../Engine/Content/Tutorial/SubEditors/TutorialAssets/T_SmokeSubUV_8X8.uasset" 209
"../../../Engine/Content/Tutorial/SubEditors/TutorialAssets/T_soft_smoke.uasset" 210
"../../../Engine/Content/Tutorial/SubEditors/TutorialAssets/M_smoke_subUV_blackbody.uasset" 211
"../../../Engine/Content/Tutorial/SubEditors/TutorialAssets/TutorialParticleSystem.uasset" 212
"../../../Engine/Content/Tutorial/SubEditors/TutorialAssets/Character/TutorialTPP_Skeleton.uasset" 213
"../../../Engine/Content/Tutorial/SubEditors/TutorialAssets/Character/Tutorial_Idle.uasset" 214
"../../../Engine/Content/Tutorial/SubEditors/TutorialAssets/Character/Tutorial_Walk_Fwd.uasset" 215
"../../../Engine/Content/Tutorial/SubEditors/TutorialAssets/Character/NewBlendSpace1D.uasset" 216
"../../../Engine/Content/MobileResources/HUD/MobileHUDButton2_on.uasset" 217
"../../../Engine/Content/MobileResources/HUD/MobileHUDButton2_off.uasset" 218
"../../../Engine/Content/MobileResources/HUD/MobileHUDButton1_on.uasset" 219
"../../../Engine/Content/MobileResources/HUD/MobileHUDButton1_off.uasset" 220
"../../../Engine/Content/MobileResources/HUD/LeftVirtualJoystickOnly.uasset" 221
"../../../Engine/Content/MobileResources/HUD/AnalogHat.uasset" 222
"../../../Engine/Content/MobileResources/T_MobileMenu2.uasset" 223
"../../../Engine/Content/MobileResources/T_MobileControls_texture.uasset" 224
"../../../StarShip/Content/Game/Particles/Particles/Materials/M_Radial_Gradient.uasset" 225
"../../../StarShip/Content/Game/Particles/Textures/T_Smoke_SubUV.uasset" 226
"../../../StarShip/Content/Game/Particles/Textures/T_Smoke_Tiled_D.uasset" 227
"../../../StarShip/Content/Game/Particles/Particles/Materials/M_smoke_subUV.uasset" 228
"../../../StarShip/Content/Game/Particles/Textures/T_Spark_Core.uasset" 229
"../../../StarShip/Content/Game/Particles/Particles/Materials/M_Spark.uasset" 230
"../../../StarShip/Content/Game/Particles/Particles/P_Sparks.uasset" 231
"../../../StarShip/Content/Game/Particles/Particles/P_Smoke.uasset" 232
"../../../StarShip/Content/Game/Particles/Textures/T_Fire_SubUV.uasset" 233
"../../../StarShip/Content/Game/Particles/Textures/T_Fire_Tiled_D.uasset" 234
"../../../StarShip/Content/Game/Particles/Particles/Materials/M_Fire_SubUV.uasset" 235
"../../../StarShip/Content/Game/Particles/Particles/P_Fire.uasset" 236
"../../../StarShip/Content/Game/Particles/Textures/T_Burst_M.uasset" 237
"../../../StarShip/Content/Game/Particles/Particles/Materials/M_Burst.uasset" 238
"../../../StarShip/Content/Game/Particles/Textures/T_Explosion_SubUV.uasset" 239
"../../../StarShip/Content/Game/Particles/Particles/Materials/M_explosion_subUV.uasset" 240
"../../../StarShip/Content/Game/Particles/Particles/Materials/m_flare_01.uasset" 241
"../../../StarShip/Content/Game/Particles/Particles/Materials/M_radial_ramp.uasset" 242
"../../../StarShip/Content/Game/Particles/Particles/P_Explosion.uasset" 243
"../../../StarShip/Content/Game/Particles/Textures/T_Dust_Particle_D.uasset" 244
"../../../StarShip/Content/Game/Particles/Particles/Materials/M_Dust_Particle.uasset" 245
"../../../StarShip/Content/Game/Particles/Particles/P_Ambient_Dust.uasset" 246
"../../../StarShip/Content/Game/Obstacles/Asteroid/Asteroid_3.uasset" 247
"../../../StarShip/Content/Game/Obstacles/Asteroid/Asteroid_3_Mat.uasset" 248
"../../../StarShip/Content/Blueprint/Stage/1_Stage/Destroyed_Ship/Material_005.uasset" 249
"../../../Engine/Content/MobileResources/HUD/MobileHUDDirectionStick.uasset" 250
"../../../Engine/Content/MobileResources/HUD/T_Castle_ThumbstickOutter.uasset" 251
"../../../Engine/Content/MobileResources/HUD/MobileHUDButtonFire.uasset" 252
"../../../Engine/Content/MobileResources/HUD/MobileHUDButton3.uasset" 253
